2019-11-11 14:17:48,214 [Worker-2: Loading available Gradle versions] INFO  o.e.b.c.i.u.g.PublishedGradleVersions - Gradle version information cache is out-of-date. Trying to update.
2019-11-13 15:18:05,069 [Worker-4: Loading available Gradle versions] INFO  o.e.b.c.i.u.g.PublishedGradleVersions - Gradle version information cache is up-to-date. Trying to read.
2019-11-14 15:38:30,366 [Worker-5: Importing Maven projects] INFO  o.e.m.c.i.l.LifecycleMappingFactory - Using DEFAULT lifecycle mapping for MavenProject: pluralsight:full-stack-training.ui.apps:1.0-SNAPSHOT @ D:\AEMWorkspaces\full-stack-training\ui.apps\pom.xml.
2019-11-14 15:38:30,402 [Worker-5: Importing Maven projects] INFO  o.e.m.c.i.p.WorkspaceClassifierResolverManager - Resolving P/full-stack-training.core: pluralsight:full-stack-training.core:1.0-SNAPSHOT with classifier  to /full-stack-training.core/target/classes
2019-11-14 15:38:30,637 [Worker-5: Importing Maven projects] INFO  o.e.m.c.i.l.LifecycleMappingFactory - Using DEFAULT lifecycle mapping for MavenProject: pluralsight:full-stack-training.it.tests:1.0-SNAPSHOT @ D:\AEMWorkspaces\full-stack-training\it.tests\pom.xml.
2019-11-14 15:38:30,695 [Worker-5: Importing Maven projects] INFO  o.e.m.c.i.p.WorkspaceClassifierResolverManager - Resolving P/full-stack-training.core: pluralsight:full-stack-training.core:1.0-SNAPSHOT with classifier  to /full-stack-training.core/target/classes
2019-11-14 15:38:30,736 [Worker-5: Importing Maven projects] INFO  o.e.m.c.i.l.LifecycleMappingFactory - Using DEFAULT lifecycle mapping for MavenProject: pluralsight:full-stack-training.core:1.0-SNAPSHOT @ D:\AEMWorkspaces\full-stack-training\core\pom.xml.
2019-11-14 15:38:30,839 [Worker-5: Importing Maven projects] INFO  o.e.m.c.i.l.LifecycleMappingFactory - Using DEFAULT lifecycle mapping for MavenProject: pluralsight:full-stack-training.ui.content:1.0-SNAPSHOT @ D:\AEMWorkspaces\full-stack-training\ui.content\pom.xml.
2019-11-14 15:38:30,840 [Worker-5: Importing Maven projects] INFO  o.e.m.c.i.p.WorkspaceClassifierResolverManager - Resolving P/full-stack-training.core: pluralsight:full-stack-training.core:1.0-SNAPSHOT with classifier  to /full-stack-training.core/target/classes
2019-11-14 15:38:31,031 [Worker-5: Importing Maven projects] INFO  o.e.m.c.i.l.LifecycleMappingFactory - Using org.eclipse.m2e.jdt.JarLifecycleMapping lifecycle mapping for MavenProject: pluralsight:full-stack-training.it.launcher:1.0-SNAPSHOT @ D:\AEMWorkspaces\full-stack-training\it.launcher\pom.xml.
2019-11-14 15:38:31,254 [Worker-5: Importing Maven projects] INFO  o.e.m.c.i.p.WorkspaceClassifierResolverManager - Resolving P/full-stack-training.it.tests: pluralsight:full-stack-training.it.tests:1.0-SNAPSHOT with classifier  to /full-stack-training.it.tests/target/classes
2019-11-14 15:38:31,254 [Worker-5: Importing Maven projects] INFO  o.e.m.c.i.p.WorkspaceClassifierResolverManager - Resolving P/full-stack-training.core: pluralsight:full-stack-training.core:1.0-SNAPSHOT with classifier  to /full-stack-training.core/target/classes
2019-11-14 15:38:31,261 [Worker-5: Importing Maven projects] INFO  o.e.m.c.i.l.LifecycleMappingFactory - Using NULL lifecycle mapping for MavenProject: pluralsight:full-stack-training:1.0-SNAPSHOT @ D:\AEMWorkspaces\full-stack-training\pom.xml.
2019-11-14 15:38:31,303 [Worker-5: Importing Maven projects] INFO  o.e.m.c.i.l.LifecycleMappingFactory - Using DEFAULT lifecycle mapping for MavenProject: pluralsight:full-stack-training.ui.apps:1.0-SNAPSHOT @ D:\AEMWorkspaces\full-stack-training\ui.apps\pom.xml.
2019-11-14 15:38:31,305 [Worker-5: Importing Maven projects] INFO  o.e.m.c.i.p.WorkspaceClassifierResolverManager - Resolving P/full-stack-training.core: pluralsight:full-stack-training.core:1.0-SNAPSHOT with classifier  to /full-stack-training.core/target/classes
2019-11-14 15:38:31,383 [Worker-5: Importing Maven projects] INFO  o.e.m.c.i.l.LifecycleMappingFactory - Using DEFAULT lifecycle mapping for MavenProject: pluralsight:full-stack-training.it.tests:1.0-SNAPSHOT @ D:\AEMWorkspaces\full-stack-training\it.tests\pom.xml.
2019-11-14 15:38:31,387 [Worker-5: Importing Maven projects] INFO  o.e.m.c.i.p.WorkspaceClassifierResolverManager - Resolving P/full-stack-training.core: pluralsight:full-stack-training.core:1.0-SNAPSHOT with classifier  to /full-stack-training.core/target/classes
2019-11-14 15:38:31,420 [Worker-5: Importing Maven projects] INFO  o.e.m.c.i.l.LifecycleMappingFactory - Using DEFAULT lifecycle mapping for MavenProject: pluralsight:full-stack-training.core:1.0-SNAPSHOT @ D:\AEMWorkspaces\full-stack-training\core\pom.xml.
2019-11-14 15:38:31,511 [Worker-5: Importing Maven projects] INFO  o.e.m.c.i.l.LifecycleMappingFactory - Using DEFAULT lifecycle mapping for MavenProject: pluralsight:full-stack-training.ui.content:1.0-SNAPSHOT @ D:\AEMWorkspaces\full-stack-training\ui.content\pom.xml.
2019-11-14 15:38:31,513 [Worker-5: Importing Maven projects] INFO  o.e.m.c.i.p.WorkspaceClassifierResolverManager - Resolving P/full-stack-training.core: pluralsight:full-stack-training.core:1.0-SNAPSHOT with classifier  to /full-stack-training.core/target/classes
2019-11-14 15:38:31,549 [Worker-5: Importing Maven projects] INFO  o.e.m.c.i.l.LifecycleMappingFactory - Using org.eclipse.m2e.jdt.JarLifecycleMapping lifecycle mapping for MavenProject: pluralsight:full-stack-training.it.launcher:1.0-SNAPSHOT @ D:\AEMWorkspaces\full-stack-training\it.launcher\pom.xml.
2019-11-14 15:38:31,559 [Worker-5: Importing Maven projects] INFO  o.e.m.c.i.p.WorkspaceClassifierResolverManager - Resolving P/full-stack-training.it.tests: pluralsight:full-stack-training.it.tests:1.0-SNAPSHOT with classifier  to /full-stack-training.it.tests/target/classes
2019-11-14 15:38:31,559 [Worker-5: Importing Maven projects] INFO  o.e.m.c.i.p.WorkspaceClassifierResolverManager - Resolving P/full-stack-training.core: pluralsight:full-stack-training.core:1.0-SNAPSHOT with classifier  to /full-stack-training.core/target/classes
2019-11-14 15:38:31,593 [Worker-5: Importing Maven projects] INFO  o.e.m.c.i.l.LifecycleMappingFactory - Using DEFAULT lifecycle mapping for MavenProject: pluralsight:full-stack-training.ui.apps:1.0-SNAPSHOT @ D:\AEMWorkspaces\full-stack-training\ui.apps\pom.xml.
2019-11-14 15:38:31,595 [Worker-5: Importing Maven projects] INFO  o.e.m.c.i.p.WorkspaceClassifierResolverManager - Resolving P/full-stack-training.core: pluralsight:full-stack-training.core:1.0-SNAPSHOT with classifier  to /full-stack-training.core/target/classes
2019-11-14 15:38:31,697 [Worker-5: Importing Maven projects] INFO  o.e.m.c.i.l.LifecycleMappingFactory - Using DEFAULT lifecycle mapping for MavenProject: pluralsight:full-stack-training.it.tests:1.0-SNAPSHOT @ D:\AEMWorkspaces\full-stack-training\it.tests\pom.xml.
2019-11-14 15:38:31,701 [Worker-5: Importing Maven projects] INFO  o.e.m.c.i.p.WorkspaceClassifierResolverManager - Resolving P/full-stack-training.core: pluralsight:full-stack-training.core:1.0-SNAPSHOT with classifier  to /full-stack-training.core/target/classes
2019-11-14 15:38:31,740 [Worker-5: Importing Maven projects] INFO  o.e.m.c.i.l.LifecycleMappingFactory - Using org.eclipse.m2e.jdt.JarLifecycleMapping lifecycle mapping for MavenProject: pluralsight:full-stack-training.it.launcher:1.0-SNAPSHOT @ D:\AEMWorkspaces\full-stack-training\it.launcher\pom.xml.
2019-11-14 15:38:31,751 [Worker-5: Importing Maven projects] INFO  o.e.m.c.i.p.WorkspaceClassifierResolverManager - Resolving P/full-stack-training.it.tests: pluralsight:full-stack-training.it.tests:1.0-SNAPSHOT with classifier  to /full-stack-training.it.tests/target/classes
2019-11-14 15:38:31,751 [Worker-5: Importing Maven projects] INFO  o.e.m.c.i.p.WorkspaceClassifierResolverManager - Resolving P/full-stack-training.core: pluralsight:full-stack-training.core:1.0-SNAPSHOT with classifier  to /full-stack-training.core/target/classes
2019-11-14 15:38:33,588 [Worker-5: Importing Maven projects] INFO  o.e.m.j.i.AbstractJavaProjectConfigurator - Adding source folder /full-stack-training.core/src/main/java
2019-11-14 15:38:33,589 [Worker-5: Importing Maven projects] INFO  o.e.m.j.i.AbstractJavaProjectConfigurator - Adding source folder /full-stack-training.core/src/test/java
2019-11-14 15:38:34,390 [Worker-5: Importing Maven projects] INFO  o.e.m.j.i.AbstractJavaProjectConfigurator - Adding source folder /full-stack-training.ui.apps/src/main/content/jcr_root
2019-11-14 15:38:34,391 [Worker-5: Importing Maven projects] INFO  o.e.m.j.i.AbstractJavaProjectConfigurator - Resources folder /full-stack-training.ui.apps/src/main/content/jcr_root overlaps with sources folder /full-stack-training.ui.apps/src/main/content/jcr_root
2019-11-14 15:38:34,394 [Worker-5: Importing Maven projects] INFO  o.e.m.j.i.AbstractJavaProjectConfigurator - Adding source folder /full-stack-training.ui.apps/src/test/java
2019-11-14 15:38:35,477 [Worker-5: Importing Maven projects] INFO  o.e.m.j.i.AbstractJavaProjectConfigurator - Adding source folder /full-stack-training.it.tests/src/main/java
2019-11-14 15:38:35,478 [Worker-5: Importing Maven projects] INFO  o.e.m.j.i.AbstractJavaProjectConfigurator - Adding source folder /full-stack-training.it.tests/src/test/java
2019-11-14 15:38:35,687 [Worker-5: Importing Maven projects] INFO  o.e.m.j.i.AbstractJavaProjectConfigurator - Adding source folder /full-stack-training.it.launcher/src/main/java
2019-11-14 15:38:35,689 [Worker-5: Importing Maven projects] INFO  o.e.m.j.i.AbstractJavaProjectConfigurator - Adding source folder /full-stack-training.it.launcher/src/test/java
2019-11-14 15:38:35,829 [Worker-5: Importing Maven projects] INFO  o.e.m.j.i.AbstractJavaProjectConfigurator - Adding source folder /full-stack-training.ui.content/src/main/java
2019-11-14 15:38:35,830 [Worker-5: Importing Maven projects] INFO  o.e.m.j.i.AbstractJavaProjectConfigurator - Adding resource folder /full-stack-training.ui.content/src/main/content/jcr_root
2019-11-14 15:38:35,832 [Worker-5: Importing Maven projects] INFO  o.e.m.j.i.AbstractJavaProjectConfigurator - Adding source folder /full-stack-training.ui.content/src/test/java
2019-11-14 15:38:36,227 [Worker-5: Importing Maven projects] INFO  o.e.m.c.i.p.ProjectConfigurationManager - Imported and configured 6 project(s) in 10 sec
2019-11-14 15:38:37,072 [Worker-11: Loading available Gradle versions] INFO  o.e.b.c.i.u.g.PublishedGradleVersions - Gradle version information cache is up-to-date. Trying to read.
2019-11-14 15:38:39,347 [Worker-7: Building workspace] INFO  o.e.m.c.i.embedder.EclipseLogger - Using 'UTF-8' encoding to copy filtered resources.
2019-11-14 15:38:39,348 [Worker-7: Building workspace] INFO  o.e.m.c.i.embedder.EclipseLogger - skip non existing resourceDirectory D:\AEMWorkspaces\full-stack-training\core\src\main\resources
2019-11-14 15:38:39,350 [Worker-7: Building workspace] INFO  o.e.m.c.i.embedder.EclipseLogger - Using 'UTF-8' encoding to copy filtered resources.
2019-11-14 15:38:39,350 [Worker-7: Building workspace] INFO  o.e.m.c.i.embedder.EclipseLogger - skip non existing resourceDirectory D:\AEMWorkspaces\full-stack-training\core\src\test\resources
2019-11-14 15:38:39,684 [Worker-7: Building workspace] INFO  o.e.m.c.i.p.WorkspaceClassifierResolverManager - Resolving P/full-stack-training.core: pluralsight:full-stack-training.core:1.0-SNAPSHOT with classifier  to /full-stack-training.core/target/classes
2019-11-14 15:38:39,687 [Worker-7: Building workspace] INFO  o.e.m.c.i.embedder.EclipseLogger - Using 'UTF-8' encoding to copy filtered resources.
2019-11-14 15:38:39,687 [Worker-7: Building workspace] INFO  o.e.m.c.i.embedder.EclipseLogger - skip non existing resourceDirectory D:\AEMWorkspaces\full-stack-training\it.tests\src\main\resources
2019-11-14 15:38:39,689 [Worker-7: Building workspace] INFO  o.e.m.c.i.embedder.EclipseLogger - Using 'UTF-8' encoding to copy filtered resources.
2019-11-14 15:38:39,689 [Worker-7: Building workspace] INFO  o.e.m.c.i.embedder.EclipseLogger - skip non existing resourceDirectory D:\AEMWorkspaces\full-stack-training\it.tests\src\test\resources
2019-11-14 15:38:40,327 [Worker-7: Building workspace] INFO  o.e.m.c.i.p.WorkspaceClassifierResolverManager - Resolving P/full-stack-training.it.tests: pluralsight:full-stack-training.it.tests:1.0-SNAPSHOT with classifier  to /full-stack-training.it.tests/target/classes
2019-11-14 15:38:40,328 [Worker-7: Building workspace] INFO  o.e.m.c.i.p.WorkspaceClassifierResolverManager - Resolving P/full-stack-training.core: pluralsight:full-stack-training.core:1.0-SNAPSHOT with classifier  to /full-stack-training.core/target/classes
2019-11-14 15:38:40,416 [Worker-7: Building workspace] INFO  o.e.m.c.i.embedder.EclipseLogger - Using 'UTF-8' encoding to copy filtered resources.
2019-11-14 15:38:40,417 [Worker-7: Building workspace] INFO  o.e.m.c.i.embedder.EclipseLogger - skip non existing resourceDirectory D:\AEMWorkspaces\full-stack-training\it.launcher\src\main\resources
2019-11-14 15:38:40,419 [Worker-7: Building workspace] INFO  o.e.m.c.i.embedder.EclipseLogger - Using 'UTF-8' encoding to copy filtered resources.
2019-11-14 15:38:40,420 [Worker-7: Building workspace] INFO  o.e.m.c.i.embedder.EclipseLogger - skip non existing resourceDirectory D:\AEMWorkspaces\full-stack-training\it.launcher\src\test\resources
2019-11-14 15:38:40,614 [Worker-7: Building workspace] INFO  o.e.m.c.i.p.WorkspaceClassifierResolverManager - Resolving P/full-stack-training.core: pluralsight:full-stack-training.core:1.0-SNAPSHOT with classifier  to /full-stack-training.core/target/classes
2019-11-14 15:38:40,637 [Worker-7: Building workspace] INFO  o.e.m.c.i.embedder.EclipseLogger - Using 'UTF-8' encoding to copy filtered resources.
2019-11-14 15:38:40,653 [Worker-7: Building workspace] INFO  o.e.m.c.i.embedder.EclipseLogger - Copying 56 resources
2019-11-14 15:38:41,559 [Worker-7: Building workspace] INFO  o.e.m.c.i.embedder.EclipseLogger - Processed 6 files in 390 milliseconds
2019-11-14 15:38:41,562 [Worker-7: Building workspace] INFO  o.e.m.c.i.embedder.EclipseLogger - Using 'UTF-8' encoding to copy filtered resources.
2019-11-14 15:38:41,562 [Worker-7: Building workspace] INFO  o.e.m.c.i.embedder.EclipseLogger - skip non existing resourceDirectory D:\AEMWorkspaces\full-stack-training\ui.apps\src\test\resources
2019-11-14 15:38:41,945 [Worker-2: Building workspace] INFO  o.e.m.c.i.p.WorkspaceClassifierResolverManager - Resolving P/full-stack-training.core: pluralsight:full-stack-training.core:1.0-SNAPSHOT with classifier  to /full-stack-training.core/target/classes
2019-11-14 15:38:41,976 [Worker-2: Building workspace] INFO  o.e.m.c.i.embedder.EclipseLogger - Using 'UTF-8' encoding to copy filtered resources.
2019-11-14 15:38:41,984 [Worker-2: Building workspace] INFO  o.e.m.c.i.embedder.EclipseLogger - Copying 42 resources
2019-11-14 15:38:42,101 [Worker-2: Building workspace] INFO  o.e.m.c.i.embedder.EclipseLogger - Using 'UTF-8' encoding to copy filtered resources.
2019-11-14 15:38:42,101 [Worker-2: Building workspace] INFO  o.e.m.c.i.embedder.EclipseLogger - skip non existing resourceDirectory D:\AEMWorkspaces\full-stack-training\ui.content\src\test\resources
2019-11-14 15:47:22,600 [Worker-1: Importing Maven projects] INFO  o.e.m.c.i.l.LifecycleMappingFactory - Using DEFAULT lifecycle mapping for MavenProject: pluralsight:full-stack-training.ui.apps:1.0-SNAPSHOT @ C:\Users\shrikant.kumkar\Downloads\Pluralsight-AEM-Building-Full-Stack-Components-master\ui.apps\pom.xml.
2019-11-14 15:47:22,622 [Worker-1: Importing Maven projects] INFO  o.e.m.c.i.p.WorkspaceClassifierResolverManager - Resolving P/full-stack-training.core: pluralsight:full-stack-training.core:1.0-SNAPSHOT with classifier  to /full-stack-training.core/target/classes
2019-11-14 15:47:22,733 [Worker-1: Importing Maven projects] INFO  o.e.m.c.i.l.LifecycleMappingFactory - Using DEFAULT lifecycle mapping for MavenProject: pluralsight:full-stack-training.it.tests:1.0-SNAPSHOT @ C:\Users\shrikant.kumkar\Downloads\Pluralsight-AEM-Building-Full-Stack-Components-master\it.tests\pom.xml.
2019-11-14 15:47:22,756 [Worker-1: Importing Maven projects] INFO  o.e.m.c.i.p.WorkspaceClassifierResolverManager - Resolving P/full-stack-training.core: pluralsight:full-stack-training.core:1.0-SNAPSHOT with classifier  to /full-stack-training.core/target/classes
2019-11-14 15:47:22,810 [Worker-1: Importing Maven projects] INFO  o.e.m.c.i.l.LifecycleMappingFactory - Using DEFAULT lifecycle mapping for MavenProject: pluralsight:full-stack-training.core:1.0-SNAPSHOT @ C:\Users\shrikant.kumkar\Downloads\Pluralsight-AEM-Building-Full-Stack-Components-master\core\pom.xml.
2019-11-14 15:47:22,874 [Worker-1: Importing Maven projects] INFO  o.e.m.c.i.l.LifecycleMappingFactory - Using DEFAULT lifecycle mapping for MavenProject: pluralsight:full-stack-training.ui.content:1.0-SNAPSHOT @ C:\Users\shrikant.kumkar\Downloads\Pluralsight-AEM-Building-Full-Stack-Components-master\ui.content\pom.xml.
2019-11-14 15:47:22,876 [Worker-1: Importing Maven projects] INFO  o.e.m.c.i.p.WorkspaceClassifierResolverManager - Resolving P/full-stack-training.core: pluralsight:full-stack-training.core:1.0-SNAPSHOT with classifier  to /full-stack-training.core/target/classes
2019-11-14 15:47:22,993 [Worker-1: Importing Maven projects] INFO  o.e.m.c.i.l.LifecycleMappingFactory - Using org.eclipse.m2e.jdt.JarLifecycleMapping lifecycle mapping for MavenProject: pluralsight:full-stack-training.it.launcher:1.0-SNAPSHOT @ C:\Users\shrikant.kumkar\Downloads\Pluralsight-AEM-Building-Full-Stack-Components-master\it.launcher\pom.xml.
2019-11-14 15:47:23,123 [Worker-1: Importing Maven projects] INFO  o.e.m.c.i.p.WorkspaceClassifierResolverManager - Resolving P/full-stack-training.it.tests: pluralsight:full-stack-training.it.tests:1.0-SNAPSHOT with classifier  to /full-stack-training.it.tests/target/classes
2019-11-14 15:47:23,123 [Worker-1: Importing Maven projects] INFO  o.e.m.c.i.p.WorkspaceClassifierResolverManager - Resolving P/full-stack-training.core: pluralsight:full-stack-training.core:1.0-SNAPSHOT with classifier  to /full-stack-training.core/target/classes
2019-11-14 15:47:23,129 [Worker-1: Importing Maven projects] INFO  o.e.m.c.i.l.LifecycleMappingFactory - Using NULL lifecycle mapping for MavenProject: pluralsight:full-stack-training:1.0-SNAPSHOT @ C:\Users\shrikant.kumkar\Downloads\Pluralsight-AEM-Building-Full-Stack-Components-master\pom.xml.
2019-11-14 15:47:23,162 [Worker-1: Importing Maven projects] INFO  o.e.m.c.i.l.LifecycleMappingFactory - Using DEFAULT lifecycle mapping for MavenProject: pluralsight:full-stack-training.ui.apps:1.0-SNAPSHOT @ C:\Users\shrikant.kumkar\Downloads\Pluralsight-AEM-Building-Full-Stack-Components-master\ui.apps\pom.xml.
2019-11-14 15:47:23,163 [Worker-1: Importing Maven projects] INFO  o.e.m.c.i.p.WorkspaceClassifierResolverManager - Resolving P/full-stack-training.core: pluralsight:full-stack-training.core:1.0-SNAPSHOT with classifier  to /full-stack-training.core/target/classes
2019-11-14 15:47:23,197 [Worker-1: Importing Maven projects] INFO  o.e.m.c.i.l.LifecycleMappingFactory - Using DEFAULT lifecycle mapping for MavenProject: pluralsight:full-stack-training.it.tests:1.0-SNAPSHOT @ C:\Users\shrikant.kumkar\Downloads\Pluralsight-AEM-Building-Full-Stack-Components-master\it.tests\pom.xml.
2019-11-14 15:47:23,200 [Worker-1: Importing Maven projects] INFO  o.e.m.c.i.p.WorkspaceClassifierResolverManager - Resolving P/full-stack-training.core: pluralsight:full-stack-training.core:1.0-SNAPSHOT with classifier  to /full-stack-training.core/target/classes
2019-11-14 15:47:23,233 [Worker-1: Importing Maven projects] INFO  o.e.m.c.i.l.LifecycleMappingFactory - Using DEFAULT lifecycle mapping for MavenProject: pluralsight:full-stack-training.core:1.0-SNAPSHOT @ C:\Users\shrikant.kumkar\Downloads\Pluralsight-AEM-Building-Full-Stack-Components-master\core\pom.xml.
2019-11-14 15:47:23,266 [Worker-1: Importing Maven projects] INFO  o.e.m.c.i.l.LifecycleMappingFactory - Using DEFAULT lifecycle mapping for MavenProject: pluralsight:full-stack-training.ui.content:1.0-SNAPSHOT @ C:\Users\shrikant.kumkar\Downloads\Pluralsight-AEM-Building-Full-Stack-Components-master\ui.content\pom.xml.
2019-11-14 15:47:23,267 [Worker-1: Importing Maven projects] INFO  o.e.m.c.i.p.WorkspaceClassifierResolverManager - Resolving P/full-stack-training.core: pluralsight:full-stack-training.core:1.0-SNAPSHOT with classifier  to /full-stack-training.core/target/classes
2019-11-14 15:47:23,296 [Worker-1: Importing Maven projects] INFO  o.e.m.c.i.l.LifecycleMappingFactory - Using org.eclipse.m2e.jdt.JarLifecycleMapping lifecycle mapping for MavenProject: pluralsight:full-stack-training.it.launcher:1.0-SNAPSHOT @ C:\Users\shrikant.kumkar\Downloads\Pluralsight-AEM-Building-Full-Stack-Components-master\it.launcher\pom.xml.
2019-11-14 15:47:23,303 [Worker-1: Importing Maven projects] INFO  o.e.m.c.i.p.WorkspaceClassifierResolverManager - Resolving P/full-stack-training.it.tests: pluralsight:full-stack-training.it.tests:1.0-SNAPSHOT with classifier  to /full-stack-training.it.tests/target/classes
2019-11-14 15:47:23,304 [Worker-1: Importing Maven projects] INFO  o.e.m.c.i.p.WorkspaceClassifierResolverManager - Resolving P/full-stack-training.core: pluralsight:full-stack-training.core:1.0-SNAPSHOT with classifier  to /full-stack-training.core/target/classes
2019-11-14 15:47:23,341 [Worker-1: Importing Maven projects] INFO  o.e.m.c.i.l.LifecycleMappingFactory - Using DEFAULT lifecycle mapping for MavenProject: pluralsight:full-stack-training.ui.apps:1.0-SNAPSHOT @ C:\Users\shrikant.kumkar\Downloads\Pluralsight-AEM-Building-Full-Stack-Components-master\ui.apps\pom.xml.
2019-11-14 15:47:23,343 [Worker-1: Importing Maven projects] INFO  o.e.m.c.i.p.WorkspaceClassifierResolverManager - Resolving P/full-stack-training.core: pluralsight:full-stack-training.core:1.0-SNAPSHOT with classifier  to /full-stack-training.core/target/classes
2019-11-14 15:47:23,369 [Worker-1: Importing Maven projects] INFO  o.e.m.c.i.l.LifecycleMappingFactory - Using DEFAULT lifecycle mapping for MavenProject: pluralsight:full-stack-training.it.tests:1.0-SNAPSHOT @ C:\Users\shrikant.kumkar\Downloads\Pluralsight-AEM-Building-Full-Stack-Components-master\it.tests\pom.xml.
2019-11-14 15:47:23,372 [Worker-1: Importing Maven projects] INFO  o.e.m.c.i.p.WorkspaceClassifierResolverManager - Resolving P/full-stack-training.core: pluralsight:full-stack-training.core:1.0-SNAPSHOT with classifier  to /full-stack-training.core/target/classes
2019-11-14 15:47:23,402 [Worker-1: Importing Maven projects] INFO  o.e.m.c.i.l.LifecycleMappingFactory - Using org.eclipse.m2e.jdt.JarLifecycleMapping lifecycle mapping for MavenProject: pluralsight:full-stack-training.it.launcher:1.0-SNAPSHOT @ C:\Users\shrikant.kumkar\Downloads\Pluralsight-AEM-Building-Full-Stack-Components-master\it.launcher\pom.xml.
2019-11-14 15:47:23,412 [Worker-1: Importing Maven projects] INFO  o.e.m.c.i.p.WorkspaceClassifierResolverManager - Resolving P/full-stack-training.it.tests: pluralsight:full-stack-training.it.tests:1.0-SNAPSHOT with classifier  to /full-stack-training.it.tests/target/classes
2019-11-14 15:47:23,413 [Worker-1: Importing Maven projects] INFO  o.e.m.c.i.p.WorkspaceClassifierResolverManager - Resolving P/full-stack-training.core: pluralsight:full-stack-training.core:1.0-SNAPSHOT with classifier  to /full-stack-training.core/target/classes
2019-11-14 15:47:24,247 [Worker-1: Importing Maven projects] INFO  o.e.m.j.i.AbstractJavaProjectConfigurator - Adding source folder /full-stack-training.core/src/main/java
2019-11-14 15:47:24,250 [Worker-1: Importing Maven projects] INFO  o.e.m.j.i.AbstractJavaProjectConfigurator - Adding source folder /full-stack-training.core/src/test/java
2019-11-14 15:47:24,453 [Worker-1: Importing Maven projects] INFO  o.e.m.j.i.AbstractJavaProjectConfigurator - Adding source folder /full-stack-training.ui.apps/src/main/content/jcr_root
2019-11-14 15:47:24,453 [Worker-1: Importing Maven projects] INFO  o.e.m.j.i.AbstractJavaProjectConfigurator - Resources folder /full-stack-training.ui.apps/src/main/content/jcr_root overlaps with sources folder /full-stack-training.ui.apps/src/main/content/jcr_root
2019-11-14 15:47:24,455 [Worker-1: Importing Maven projects] INFO  o.e.m.j.i.AbstractJavaProjectConfigurator - Adding source folder /full-stack-training.ui.apps/src/test/java
2019-11-14 15:47:25,167 [Worker-14: Building workspace] INFO  o.e.m.c.i.embedder.EclipseLogger - Using 'UTF-8' encoding to copy filtered resources.
2019-11-14 15:47:25,167 [Worker-14: Building workspace] INFO  o.e.m.c.i.embedder.EclipseLogger - skip non existing resourceDirectory C:\Users\shrikant.kumkar\Downloads\Pluralsight-AEM-Building-Full-Stack-Components-master\core\src\main\resources
2019-11-14 15:47:25,169 [Worker-14: Building workspace] INFO  o.e.m.c.i.embedder.EclipseLogger - Using 'UTF-8' encoding to copy filtered resources.
2019-11-14 15:47:25,169 [Worker-14: Building workspace] INFO  o.e.m.c.i.embedder.EclipseLogger - skip non existing resourceDirectory C:\Users\shrikant.kumkar\Downloads\Pluralsight-AEM-Building-Full-Stack-Components-master\core\src\test\resources
2019-11-14 15:47:25,418 [Worker-14: Building workspace] INFO  o.e.m.c.i.p.WorkspaceClassifierResolverManager - Resolving P/full-stack-training.it.tests: pluralsight:full-stack-training.it.tests:1.0-SNAPSHOT with classifier  to /full-stack-training.it.tests/target/classes
2019-11-14 15:47:25,418 [Worker-14: Building workspace] INFO  o.e.m.c.i.p.WorkspaceClassifierResolverManager - Resolving P/full-stack-training.core: pluralsight:full-stack-training.core:1.0-SNAPSHOT with classifier  to /full-stack-training.core/target/classes
2019-11-14 15:47:25,645 [Worker-14: Building workspace] INFO  o.e.m.c.i.embedder.EclipseLogger - Using 'UTF-8' encoding to copy filtered resources.
2019-11-14 15:47:25,645 [Worker-14: Building workspace] INFO  o.e.m.c.i.embedder.EclipseLogger - skip non existing resourceDirectory C:\Users\shrikant.kumkar\Downloads\Pluralsight-AEM-Building-Full-Stack-Components-master\it.launcher\src\main\resources
2019-11-14 15:47:25,647 [Worker-14: Building workspace] INFO  o.e.m.c.i.embedder.EclipseLogger - Using 'UTF-8' encoding to copy filtered resources.
2019-11-14 15:47:25,647 [Worker-14: Building workspace] INFO  o.e.m.c.i.embedder.EclipseLogger - skip non existing resourceDirectory C:\Users\shrikant.kumkar\Downloads\Pluralsight-AEM-Building-Full-Stack-Components-master\it.launcher\src\test\resources
2019-11-14 15:47:25,715 [Worker-14: Building workspace] INFO  o.e.m.c.i.p.WorkspaceClassifierResolverManager - Resolving P/full-stack-training.core: pluralsight:full-stack-training.core:1.0-SNAPSHOT with classifier  to /full-stack-training.core/target/classes
2019-11-14 15:47:25,718 [Worker-14: Building workspace] INFO  o.e.m.c.i.embedder.EclipseLogger - Using 'UTF-8' encoding to copy filtered resources.
2019-11-14 15:47:25,718 [Worker-14: Building workspace] INFO  o.e.m.c.i.embedder.EclipseLogger - skip non existing resourceDirectory C:\Users\shrikant.kumkar\Downloads\Pluralsight-AEM-Building-Full-Stack-Components-master\it.tests\src\main\resources
2019-11-14 15:47:25,719 [Worker-14: Building workspace] INFO  o.e.m.c.i.embedder.EclipseLogger - Using 'UTF-8' encoding to copy filtered resources.
2019-11-14 15:47:25,719 [Worker-14: Building workspace] INFO  o.e.m.c.i.embedder.EclipseLogger - skip non existing resourceDirectory C:\Users\shrikant.kumkar\Downloads\Pluralsight-AEM-Building-Full-Stack-Components-master\it.tests\src\test\resources
2019-11-14 15:47:25,865 [Worker-14: Building workspace] INFO  o.e.m.c.i.p.WorkspaceClassifierResolverManager - Resolving P/full-stack-training.core: pluralsight:full-stack-training.core:1.0-SNAPSHOT with classifier  to /full-stack-training.core/target/classes
2019-11-14 15:47:25,884 [Worker-14: Building workspace] INFO  o.e.m.c.i.embedder.EclipseLogger - Using 'UTF-8' encoding to copy filtered resources.
2019-11-14 15:47:25,892 [Worker-14: Building workspace] INFO  o.e.m.c.i.embedder.EclipseLogger - Copying 74 resources
2019-11-14 15:47:26,592 [Worker-14: Building workspace] INFO  o.e.m.c.i.embedder.EclipseLogger - Processed 7 files in 346 milliseconds
2019-11-14 15:47:26,595 [Worker-14: Building workspace] INFO  o.e.m.c.i.embedder.EclipseLogger - Using 'UTF-8' encoding to copy filtered resources.
2019-11-14 15:47:26,595 [Worker-14: Building workspace] INFO  o.e.m.c.i.embedder.EclipseLogger - skip non existing resourceDirectory C:\Users\shrikant.kumkar\Downloads\Pluralsight-AEM-Building-Full-Stack-Components-master\ui.apps\src\test\resources
2019-11-14 15:47:26,803 [Worker-14: Building workspace] INFO  o.e.m.c.i.p.WorkspaceClassifierResolverManager - Resolving P/full-stack-training.core: pluralsight:full-stack-training.core:1.0-SNAPSHOT with classifier  to /full-stack-training.core/target/classes
2019-11-14 15:47:26,806 [Worker-14: Building workspace] INFO  o.e.m.c.i.embedder.EclipseLogger - Using 'UTF-8' encoding to copy filtered resources.
2019-11-14 15:47:26,829 [Worker-14: Building workspace] INFO  o.e.m.c.i.embedder.EclipseLogger - Copying 49 resources
2019-11-14 15:47:26,994 [Worker-14: Building workspace] INFO  o.e.m.c.i.embedder.EclipseLogger - Using 'UTF-8' encoding to copy filtered resources.
2019-11-14 15:47:26,994 [Worker-14: Building workspace] INFO  o.e.m.c.i.embedder.EclipseLogger - skip non existing resourceDirectory C:\Users\shrikant.kumkar\Downloads\Pluralsight-AEM-Building-Full-Stack-Components-master\ui.content\src\test\resources
